opt_map=
type => ri
dht_id => 2
num_dscnodes => 2
app_id => 10
dht_lintf => em2
dht_lport => 65000
trans_protocol => i
wa_lintf => ib0
gftp_lport => 62000
tmpfs_dir => /dev/shm
main:: dht_laddr= 192.168.2.152
main:: wa_laddr= 10.0.0.152
dc_alloc succeed 2.
Enter
Status (5) is not IBV_WC_SUCCESS.
(__process_event): err (-5).
(rpc_process_event): err (-5).
Status (5) is not IBV_WC_SUCCESS.
(__process_event): err (-5).
(rpc_process_event_with_timeout): err (-5).
'peer_process_send_list()': failed with -5.
2 to 0 'rpc_send()': failed with -5.
'dc_unregister()': failed.
Status (5) is not IBV_WC_SUCCESS.
(__process_event): err (-5).
(rpc_process_event_with_timeout): err (-5).
'peer_process_send_list()': failed with -5.
'rpc_server_finish()': encountered an error -5, skipping.
